<?xml version="1.0" encoding="UTF-8"?>
<testsuite xmlns:xsi="http://www.w3.org/2001/XMLSchema-instance" xsi:noNamespaceSchemaLocation="https://maven.apache.org/surefire/maven-surefire-plugin/xsd/surefire-test-report-3.0.xsd" version="3.0" name="sample.processor.utils.MyProcessorTest" time="0.064" tests="1" errors="0" skipped="0" failures="0">
  <properties>
    <property name="java.specification.version" value="19"/>
    <property name="sun.jnu.encoding" value="UTF-8"/>
    <property name="java.class.path" value="/Users/smavani/nifi-1.19.1/dev/source/nifi/nifi-sample-processors/target/test-classes:/Users/smavani/nifi-1.19.1/dev/source/nifi/nifi-sample-processors/target/classes:/Users/smavani/.m2/repository/org/apache/nifi/nifi-api/1.19.1/nifi-api-1.19.1.jar:/Users/smavani/.m2/repository/org/apache/nifi/nifi-utils/1.19.1/nifi-utils-1.19.1.jar:/Users/smavani/.m2/repository/jakarta/xml/bind/jakarta.xml.bind-api/2.3.3/jakarta.xml.bind-api-2.3.3.jar:/Users/smavani/.m2/repository/jakarta/activation/jakarta.activation-api/1.2.2/jakarta.activation-api-1.2.2.jar:/Users/smavani/.m2/repository/org/glassfish/jaxb/jaxb-runtime/2.3.5/jaxb-runtime-2.3.5.jar:/Users/smavani/.m2/repository/org/glassfish/jaxb/txw2/2.3.5/txw2-2.3.5.jar:/Users/smavani/.m2/repository/com/sun/istack/istack-commons-runtime/3.0.12/istack-commons-runtime-3.0.12.jar:/Users/smavani/.m2/repository/com/sun/activation/jakarta.activation/1.2.2/jakarta.activation-1.2.2.jar:/Users/smavani/.m2/repository/org/apache/nifi/nifi-mock/1.19.1/nifi-mock-1.19.1.jar:/Users/smavani/.m2/repository/org/apache/nifi/nifi-framework-api/1.19.1/nifi-framework-api-1.19.1.jar:/Users/smavani/.m2/repository/org/apache/nifi/nifi-parameter/1.19.1/nifi-parameter-1.19.1.jar:/Users/smavani/.m2/repository/org/apache/nifi/nifi-framework-core-api/1.19.1/nifi-framework-core-api-1.19.1.jar:/Users/smavani/.m2/repository/org/apache/nifi/nifi-framework-nar-utils/1.19.1/nifi-framework-nar-utils-1.19.1.jar:/Users/smavani/.m2/repository/org/apache/nifi/nifi-runtime-manifest-core/1.19.1/nifi-runtime-manifest-core-1.19.1.jar:/Users/smavani/.m2/repository/org/apache/nifi/nifi-extension-manifest-model/1.19.1/nifi-extension-manifest-model-1.19.1.jar:/Users/smavani/.m2/repository/org/apache/nifi/nifi-extension-manifest-parser/1.19.1/nifi-extension-manifest-parser-1.19.1.jar:/Users/smavani/.m2/repository/org/apache/nifi/nifi-client-dto/1.19.1/nifi-client-dto-1.19.1.jar:/Users/smavani/.m2/repository/io/swagger/swagger-annotations/1.6.6/swagger-annotations-1.6.6.jar:/Users/smavani/.m2/repository/org/apache/nifi/c2-protocol-component-api/1.19.1/c2-protocol-component-api-1.19.1.jar:/Users/smavani/.m2/repository/org/apache/nifi/nifi-site-to-site-client/1.19.1/nifi-site-to-site-client-1.19.1.jar:/Users/smavani/.m2/repository/org/apache/nifi/nifi-security-utils/1.19.1/nifi-security-utils-1.19.1.jar:/Users/smavani/.m2/repository/org/apache/nifi/nifi-deprecation-log/1.19.1/nifi-deprecation-log-1.19.1.jar:/Users/smavani/.m2/repository/org/bouncycastle/bcprov-jdk18on/1.71/bcprov-jdk18on-1.71.jar:/Users/smavani/.m2/repository/org/bouncycastle/bcpkix-jdk18on/1.71/bcpkix-jdk18on-1.71.jar:/Users/smavani/.m2/repository/org/bouncycastle/bcutil-jdk18on/1.71/bcutil-jdk18on-1.71.jar:/Users/smavani/.m2/repository/org/apache/nifi/nifi-properties/1.19.1/nifi-properties-1.19.1.jar:/Users/smavani/.m2/repository/org/apache/nifi/nifi-property-utils/1.19.1/nifi-property-utils-1.19.1.jar:/Users/smavani/.m2/repository/at/favre/lib/bcrypt/0.9.0/bcrypt-0.9.0.jar:/Users/smavani/.m2/repository/at/favre/lib/bytes/1.3.0/bytes-1.3.0.jar:/Users/smavani/.m2/repository/org/apache/nifi/nifi-security-utils-api/1.19.1/nifi-security-utils-api-1.19.1.jar:/Users/smavani/.m2/repository/org/apache/nifi/nifi-security-ssl/1.19.1/nifi-security-ssl-1.19.1.jar:/Users/smavani/.m2/repository/org/apache/nifi/nifi-xml-processing/1.19.1/nifi-xml-processing-1.19.1.jar:/Users/smavani/.m2/repository/org/apache/httpcomponents/client5/httpclient5/5.0-beta4/httpclient5-5.0-beta4.jar:/Users/smavani/.m2/repository/org/apache/httpcomponents/core5/httpcore5/5.0-beta7/httpcore5-5.0-beta7.jar:/Users/smavani/.m2/repository/org/apache/httpcomponents/core5/httpcore5-h2/5.0-beta7/httpcore5-h2-5.0-beta7.jar:/Users/smavani/.m2/repository/org/apache/httpcomponents/httpasyncclient/4.1.5/httpasyncclient-4.1.5.jar:/Users/smavani/.m2/repository/org/apache/httpcomponents/httpcore/4.4.15/httpcore-4.4.15.jar:/Users/smavani/.m2/repository/org/apache/httpcomponents/httpcore-nio/4.4.15/httpcore-nio-4.4.15.jar:/Users/smavani/.m2/repository/org/apache/httpcomponents/httpclient/4.5.13/httpclient-4.5.13.jar:/Users/smavani/.m2/repository/javax/validation/validation-api/2.0.1.Final/validation-api-2.0.1.Final.jar:/Users/smavani/.m2/repository/org/apache/commons/commons-lang3/3.12.0/commons-lang3-3.12.0.jar:/Users/smavani/.m2/repository/org/apache/nifi/nifi-framework-authorization/1.19.1/nifi-framework-authorization-1.19.1.jar:/Users/smavani/.m2/repository/org/apache/nifi/nifi-expression-language/1.19.1/nifi-expression-language-1.19.1.jar:/Users/smavani/.m2/repository/org/antlr/antlr-runtime/3.5.2/antlr-runtime-3.5.2.jar:/Users/smavani/.m2/repository/org/apache/nifi/nifi-uuid5/1.19.1/nifi-uuid5-1.19.1.jar:/Users/smavani/.m2/repository/com/jayway/jsonpath/json-path/2.6.0/json-path-2.6.0.jar:/Users/smavani/.m2/repository/net/minidev/json-smart/2.4.8/json-smart-2.4.8.jar:/Users/smavani/.m2/repository/net/minidev/accessors-smart/2.4.8/accessors-smart-2.4.8.jar:/Users/smavani/.m2/repository/org/ow2/asm/asm/9.1/asm-9.1.jar:/Users/smavani/.m2/repository/com/fasterxml/jackson/core/jackson-databind/2.14.1/jackson-databind-2.14.1.jar:/Users/smavani/.m2/repository/com/fasterxml/jackson/core/jackson-annotations/2.14.1/jackson-annotations-2.14.1.jar:/Users/smavani/.m2/repository/com/fasterxml/jackson/core/jackson-core/2.14.1/jackson-core-2.14.1.jar:/Users/smavani/.m2/repository/org/apache/commons/commons-text/1.10.0/commons-text-1.10.0.jar:/Users/smavani/.m2/repository/commons-codec/commons-codec/1.15/commons-codec-1.15.jar:/Users/smavani/.m2/repository/org/apache/nifi/nifi-data-provenance-utils/1.19.1/nifi-data-provenance-utils-1.19.1.jar:/Users/smavani/.m2/repository/org/slf4j/slf4j-simple/1.7.36/slf4j-simple-1.7.36.jar:/Users/smavani/.m2/repository/org/slf4j/slf4j-api/1.7.36/slf4j-api-1.7.36.jar:/Users/smavani/.m2/repository/org/junit/jupiter/junit-jupiter-api/5.9.1/junit-jupiter-api-5.9.1.jar:/Users/smavani/.m2/repository/org/opentest4j/opentest4j/1.2.0/opentest4j-1.2.0.jar:/Users/smavani/.m2/repository/org/junit/platform/junit-platform-commons/1.9.1/junit-platform-commons-1.9.1.jar:/Users/smavani/.m2/repository/org/apiguardian/apiguardian-api/1.1.2/apiguardian-api-1.1.2.jar:/Users/smavani/.m2/repository/org/junit/jupiter/junit-jupiter-engine/5.9.1/junit-jupiter-engine-5.9.1.jar:/Users/smavani/.m2/repository/org/junit/platform/junit-platform-engine/1.9.1/junit-platform-engine-1.9.1.jar:/Users/smavani/.m2/repository/org/junit/vintage/junit-vintage-engine/5.9.1/junit-vintage-engine-5.9.1.jar:/Users/smavani/.m2/repository/junit/junit/4.13.2/junit-4.13.2.jar:/Users/smavani/.m2/repository/org/hamcrest/hamcrest-core/1.3/hamcrest-core-1.3.jar:/Users/smavani/.m2/repository/org/junit/jupiter/junit-jupiter-params/5.9.1/junit-jupiter-params-5.9.1.jar:/Users/smavani/.m2/repository/org/mockito/mockito-core/3.12.4/mockito-core-3.12.4.jar:/Users/smavani/.m2/repository/net/bytebuddy/byte-buddy/1.11.13/byte-buddy-1.11.13.jar:/Users/smavani/.m2/repository/net/bytebuddy/byte-buddy-agent/1.11.13/byte-buddy-agent-1.11.13.jar:/Users/smavani/.m2/repository/org/objenesis/objenesis/3.2/objenesis-3.2.jar:/Users/smavani/.m2/repository/org/mockito/mockito-junit-jupiter/3.12.4/mockito-junit-jupiter-3.12.4.jar:/Users/smavani/.m2/repository/org/codehaus/groovy/groovy-test/3.0.9/groovy-test-3.0.9.jar:/Users/smavani/.m2/repository/org/codehaus/groovy/groovy/3.0.9/groovy-3.0.9.jar:"/>
    <property name="java.vm.vendor" value="Homebrew"/>
    <property name="sun.arch.data.model" value="64"/>
    <property name="java.vendor.url" value="https://github.com/Homebrew/homebrew-core/issues"/>
    <property name="os.name" value="Mac OS X"/>
    <property name="java.vm.specification.version" value="19"/>
    <property name="sun.java.launcher" value="SUN_STANDARD"/>
    <property name="user.country" value="IN"/>
    <property name="sun.boot.library.path" value="/opt/homebrew/Cellar/openjdk/19.0.2/libexec/openjdk.jdk/Contents/Home/lib"/>
    <property name="sun.java.command" value="/Users/smavani/nifi-1.19.1/dev/source/nifi/nifi-sample-processors/target/surefire/surefirebooter-20230207124019857_3.jar /Users/smavani/nifi-1.19.1/dev/source/nifi/nifi-sample-processors/target/surefire 2023-02-07T12-40-02_670-jvmRun1 surefire-20230207124019857_1tmp surefire_0-20230207124019857_2tmp"/>
    <property name="http.nonProxyHosts" value="local|*.local|169.254/16|*.169.254/16"/>
    <property name="jdk.debug" value="release"/>
    <property name="surefire.test.class.path" value="/Users/smavani/nifi-1.19.1/dev/source/nifi/nifi-sample-processors/target/test-classes:/Users/smavani/nifi-1.19.1/dev/source/nifi/nifi-sample-processors/target/classes:/Users/smavani/.m2/repository/org/apache/nifi/nifi-api/1.19.1/nifi-api-1.19.1.jar:/Users/smavani/.m2/repository/org/apache/nifi/nifi-utils/1.19.1/nifi-utils-1.19.1.jar:/Users/smavani/.m2/repository/jakarta/xml/bind/jakarta.xml.bind-api/2.3.3/jakarta.xml.bind-api-2.3.3.jar:/Users/smavani/.m2/repository/jakarta/activation/jakarta.activation-api/1.2.2/jakarta.activation-api-1.2.2.jar:/Users/smavani/.m2/repository/org/glassfish/jaxb/jaxb-runtime/2.3.5/jaxb-runtime-2.3.5.jar:/Users/smavani/.m2/repository/org/glassfish/jaxb/txw2/2.3.5/txw2-2.3.5.jar:/Users/smavani/.m2/repository/com/sun/istack/istack-commons-runtime/3.0.12/istack-commons-runtime-3.0.12.jar:/Users/smavani/.m2/repository/com/sun/activation/jakarta.activation/1.2.2/jakarta.activation-1.2.2.jar:/Users/smavani/.m2/repository/org/apache/nifi/nifi-mock/1.19.1/nifi-mock-1.19.1.jar:/Users/smavani/.m2/repository/org/apache/nifi/nifi-framework-api/1.19.1/nifi-framework-api-1.19.1.jar:/Users/smavani/.m2/repository/org/apache/nifi/nifi-parameter/1.19.1/nifi-parameter-1.19.1.jar:/Users/smavani/.m2/repository/org/apache/nifi/nifi-framework-core-api/1.19.1/nifi-framework-core-api-1.19.1.jar:/Users/smavani/.m2/repository/org/apache/nifi/nifi-framework-nar-utils/1.19.1/nifi-framework-nar-utils-1.19.1.jar:/Users/smavani/.m2/repository/org/apache/nifi/nifi-runtime-manifest-core/1.19.1/nifi-runtime-manifest-core-1.19.1.jar:/Users/smavani/.m2/repository/org/apache/nifi/nifi-extension-manifest-model/1.19.1/nifi-extension-manifest-model-1.19.1.jar:/Users/smavani/.m2/repository/org/apache/nifi/nifi-extension-manifest-parser/1.19.1/nifi-extension-manifest-parser-1.19.1.jar:/Users/smavani/.m2/repository/org/apache/nifi/nifi-client-dto/1.19.1/nifi-client-dto-1.19.1.jar:/Users/smavani/.m2/repository/io/swagger/swagger-annotations/1.6.6/swagger-annotations-1.6.6.jar:/Users/smavani/.m2/repository/org/apache/nifi/c2-protocol-component-api/1.19.1/c2-protocol-component-api-1.19.1.jar:/Users/smavani/.m2/repository/org/apache/nifi/nifi-site-to-site-client/1.19.1/nifi-site-to-site-client-1.19.1.jar:/Users/smavani/.m2/repository/org/apache/nifi/nifi-security-utils/1.19.1/nifi-security-utils-1.19.1.jar:/Users/smavani/.m2/repository/org/apache/nifi/nifi-deprecation-log/1.19.1/nifi-deprecation-log-1.19.1.jar:/Users/smavani/.m2/repository/org/bouncycastle/bcprov-jdk18on/1.71/bcprov-jdk18on-1.71.jar:/Users/smavani/.m2/repository/org/bouncycastle/bcpkix-jdk18on/1.71/bcpkix-jdk18on-1.71.jar:/Users/smavani/.m2/repository/org/bouncycastle/bcutil-jdk18on/1.71/bcutil-jdk18on-1.71.jar:/Users/smavani/.m2/repository/org/apache/nifi/nifi-properties/1.19.1/nifi-properties-1.19.1.jar:/Users/smavani/.m2/repository/org/apache/nifi/nifi-property-utils/1.19.1/nifi-property-utils-1.19.1.jar:/Users/smavani/.m2/repository/at/favre/lib/bcrypt/0.9.0/bcrypt-0.9.0.jar:/Users/smavani/.m2/repository/at/favre/lib/bytes/1.3.0/bytes-1.3.0.jar:/Users/smavani/.m2/repository/org/apache/nifi/nifi-security-utils-api/1.19.1/nifi-security-utils-api-1.19.1.jar:/Users/smavani/.m2/repository/org/apache/nifi/nifi-security-ssl/1.19.1/nifi-security-ssl-1.19.1.jar:/Users/smavani/.m2/repository/org/apache/nifi/nifi-xml-processing/1.19.1/nifi-xml-processing-1.19.1.jar:/Users/smavani/.m2/repository/org/apache/httpcomponents/client5/httpclient5/5.0-beta4/httpclient5-5.0-beta4.jar:/Users/smavani/.m2/repository/org/apache/httpcomponents/core5/httpcore5/5.0-beta7/httpcore5-5.0-beta7.jar:/Users/smavani/.m2/repository/org/apache/httpcomponents/core5/httpcore5-h2/5.0-beta7/httpcore5-h2-5.0-beta7.jar:/Users/smavani/.m2/repository/org/apache/httpcomponents/httpasyncclient/4.1.5/httpasyncclient-4.1.5.jar:/Users/smavani/.m2/repository/org/apache/httpcomponents/httpcore/4.4.15/httpcore-4.4.15.jar:/Users/smavani/.m2/repository/org/apache/httpcomponents/httpcore-nio/4.4.15/httpcore-nio-4.4.15.jar:/Users/smavani/.m2/repository/org/apache/httpcomponents/httpclient/4.5.13/httpclient-4.5.13.jar:/Users/smavani/.m2/repository/javax/validation/validation-api/2.0.1.Final/validation-api-2.0.1.Final.jar:/Users/smavani/.m2/repository/org/apache/commons/commons-lang3/3.12.0/commons-lang3-3.12.0.jar:/Users/smavani/.m2/repository/org/apache/nifi/nifi-framework-authorization/1.19.1/nifi-framework-authorization-1.19.1.jar:/Users/smavani/.m2/repository/org/apache/nifi/nifi-expression-language/1.19.1/nifi-expression-language-1.19.1.jar:/Users/smavani/.m2/repository/org/antlr/antlr-runtime/3.5.2/antlr-runtime-3.5.2.jar:/Users/smavani/.m2/repository/org/apache/nifi/nifi-uuid5/1.19.1/nifi-uuid5-1.19.1.jar:/Users/smavani/.m2/repository/com/jayway/jsonpath/json-path/2.6.0/json-path-2.6.0.jar:/Users/smavani/.m2/repository/net/minidev/json-smart/2.4.8/json-smart-2.4.8.jar:/Users/smavani/.m2/repository/net/minidev/accessors-smart/2.4.8/accessors-smart-2.4.8.jar:/Users/smavani/.m2/repository/org/ow2/asm/asm/9.1/asm-9.1.jar:/Users/smavani/.m2/repository/com/fasterxml/jackson/core/jackson-databind/2.14.1/jackson-databind-2.14.1.jar:/Users/smavani/.m2/repository/com/fasterxml/jackson/core/jackson-annotations/2.14.1/jackson-annotations-2.14.1.jar:/Users/smavani/.m2/repository/com/fasterxml/jackson/core/jackson-core/2.14.1/jackson-core-2.14.1.jar:/Users/smavani/.m2/repository/org/apache/commons/commons-text/1.10.0/commons-text-1.10.0.jar:/Users/smavani/.m2/repository/commons-codec/commons-codec/1.15/commons-codec-1.15.jar:/Users/smavani/.m2/repository/org/apache/nifi/nifi-data-provenance-utils/1.19.1/nifi-data-provenance-utils-1.19.1.jar:/Users/smavani/.m2/repository/org/slf4j/slf4j-simple/1.7.36/slf4j-simple-1.7.36.jar:/Users/smavani/.m2/repository/org/slf4j/slf4j-api/1.7.36/slf4j-api-1.7.36.jar:/Users/smavani/.m2/repository/org/junit/jupiter/junit-jupiter-api/5.9.1/junit-jupiter-api-5.9.1.jar:/Users/smavani/.m2/repository/org/opentest4j/opentest4j/1.2.0/opentest4j-1.2.0.jar:/Users/smavani/.m2/repository/org/junit/platform/junit-platform-commons/1.9.1/junit-platform-commons-1.9.1.jar:/Users/smavani/.m2/repository/org/apiguardian/apiguardian-api/1.1.2/apiguardian-api-1.1.2.jar:/Users/smavani/.m2/repository/org/junit/jupiter/junit-jupiter-engine/5.9.1/junit-jupiter-engine-5.9.1.jar:/Users/smavani/.m2/repository/org/junit/platform/junit-platform-engine/1.9.1/junit-platform-engine-1.9.1.jar:/Users/smavani/.m2/repository/org/junit/vintage/junit-vintage-engine/5.9.1/junit-vintage-engine-5.9.1.jar:/Users/smavani/.m2/repository/junit/junit/4.13.2/junit-4.13.2.jar:/Users/smavani/.m2/repository/org/hamcrest/hamcrest-core/1.3/hamcrest-core-1.3.jar:/Users/smavani/.m2/repository/org/junit/jupiter/junit-jupiter-params/5.9.1/junit-jupiter-params-5.9.1.jar:/Users/smavani/.m2/repository/org/mockito/mockito-core/3.12.4/mockito-core-3.12.4.jar:/Users/smavani/.m2/repository/net/bytebuddy/byte-buddy/1.11.13/byte-buddy-1.11.13.jar:/Users/smavani/.m2/repository/net/bytebuddy/byte-buddy-agent/1.11.13/byte-buddy-agent-1.11.13.jar:/Users/smavani/.m2/repository/org/objenesis/objenesis/3.2/objenesis-3.2.jar:/Users/smavani/.m2/repository/org/mockito/mockito-junit-jupiter/3.12.4/mockito-junit-jupiter-3.12.4.jar:/Users/smavani/.m2/repository/org/codehaus/groovy/groovy-test/3.0.9/groovy-test-3.0.9.jar:/Users/smavani/.m2/repository/org/codehaus/groovy/groovy/3.0.9/groovy-3.0.9.jar:"/>
    <property name="sun.cpu.endian" value="little"/>
    <property name="user.home" value="/Users/smavani"/>
    <property name="user.language" value="en"/>
    <property name="java.specification.vendor" value="Oracle Corporation"/>
    <property name="java.version.date" value="2023-01-17"/>
    <property name="java.home" value="/opt/homebrew/Cellar/openjdk/19.0.2/libexec/openjdk.jdk/Contents/Home"/>
    <property name="file.separator" value="/"/>
    <property name="basedir" value="/Users/smavani/nifi-1.19.1/dev/source/nifi/nifi-sample-processors"/>
    <property name="java.vm.compressedOopsMode" value="Zero based"/>
    <property name="line.separator" value="&#10;"/>
    <property name="java.vm.specification.vendor" value="Oracle Corporation"/>
    <property name="java.specification.name" value="Java Platform API Specification"/>
    <property name="java.awt.headless" value="true"/>
    <property name="apple.awt.application.name" value="ForkedBooter"/>
    <property name="surefire.real.class.path" value="/Users/smavani/nifi-1.19.1/dev/source/nifi/nifi-sample-processors/target/surefire/surefirebooter-20230207124019857_3.jar"/>
    <property name="sun.management.compiler" value="HotSpot 64-Bit Tiered Compilers"/>
    <property name="ftp.nonProxyHosts" value="local|*.local|169.254/16|*.169.254/16"/>
    <property name="java.runtime.version" value="19.0.2"/>
    <property name="user.name" value="smavani"/>
    <property name="stdout.encoding" value="UTF-8"/>
    <property name="path.separator" value=":"/>
    <property name="os.version" value="13.2"/>
    <property name="java.runtime.name" value="OpenJDK Runtime Environment"/>
    <property name="file.encoding" value="UTF-8"/>
    <property name="java.vm.name" value="OpenJDK 64-Bit Server VM"/>
    <property name="java.vendor.version" value="Homebrew"/>
    <property name="localRepository" value="/Users/smavani/.m2/repository"/>
    <property name="java.vendor.url.bug" value="https://github.com/Homebrew/homebrew-core/issues"/>
    <property name="java.io.tmpdir" value="/var/folders/9g/7qczyx611_146qwqscrf_sw40000gq/T/"/>
    <property name="java.version" value="19.0.2"/>
    <property name="user.dir" value="/Users/smavani/nifi-1.19.1/dev/source/nifi/nifi-sample-processors"/>
    <property name="os.arch" value="aarch64"/>
    <property name="java.vm.specification.name" value="Java Virtual Machine Specification"/>
    <property name="native.encoding" value="UTF-8"/>
    <property name="java.library.path" value="/Users/smavani/Library/Java/Extensions:/Library/Java/Extensions:/Network/Library/Java/Extensions:/System/Library/Java/Extensions:/usr/lib/java:."/>
    <property name="java.vm.info" value="mixed mode, sharing"/>
    <property name="stderr.encoding" value="UTF-8"/>
    <property name="java.vendor" value="Homebrew"/>
    <property name="java.vm.version" value="19.0.2"/>
    <property name="sun.io.unicode.encoding" value="UnicodeBig"/>
    <property name="socksNonProxyHosts" value="local|*.local|169.254/16|*.169.254/16"/>
    <property name="java.class.version" value="63.0"/>
  </properties>
  <testcase name="testProcessor" classname="sample.processor.utils.MyProcessorTest" time="0.054"/>
</testsuite>